<?xml version="1.0" encoding="UTF-8"?>
<testng-results ignored="0" total="1" passed="1" failed="0" skipped="0">
  <reporter-output>
  </reporter-output>
  <suite started-at="2024-12-18T11:23:17 IST" name="Default suite" finished-at="2024-12-18T11:23:26 IST" duration-ms="8755">
    <groups>
    </groups>
    <test started-at="2024-12-18T11:23:17 IST" name="Default test" finished-at="2024-12-18T11:23:26 IST" duration-ms="8755">
      <class name="testScripts.RemoteWebDriverTest">
        <test-method signature="test()[pri:0, instance:testScripts.RemoteWebDriverTest@383bfa16]" started-at="2024-12-18T11:23:17 IST" name="test" finished-at="2024-12-18T11:23:26 IST" duration-ms="8650" status="PASS">
          <reporter-output>
          </reporter-output>
        </test-method> <!-- test -->
      </class> <!-- testScripts.RemoteWebDriverTest -->
    </test> <!-- Default test -->
  </suite> <!-- Default suite -->
</testng-results>
